This is pdfTeX, Version 3.14159265-2.6-1.40.20 (MiKTeX 2.9.7250 64-bit) (preloaded format=pdflatex 2019.12.2)  6 DEC 2019 09:06
entering extended mode
**"./Hw10 part 2.tex"
("Hw10 part 2.tex"
LaTeX2e <2019-10-01> patch level 3

("C:\Users\EmmaLynne\AppData\Local\Programs\MiKTeX 2.9\tex/latex/base\article.c
ls"
Document Class: article 2019/10/25 v1.4k Standard LaTeX document class

("C:\Users\EmmaLynne\AppData\Local\Programs\MiKTeX 2.9\tex/latex/base\size12.cl
o"
File: size12.clo 2019/10/25 v1.4k Standard LaTeX file (size option)
)
\c@part=\count80
\c@section=\count81
\c@subsection=\count82
\c@subsubsection=\count83
\c@paragraph=\count84
\c@subparagraph=\count85
\c@figure=\count86
\c@table=\count87
\abovecaptionskip=\skip41
\belowcaptionskip=\skip42
\bibindent=\dimen102
)
("C:\Users\EmmaLynne\AppData\Local\Programs\MiKTeX 2.9\tex/latex/amsmath\amsmat
h.sty"
Package: amsmath 2019/11/16 v2.17d AMS math features
\@mathmargin=\skip43

For additional information on amsmath, use the `?' option.

("C:\Users\EmmaLynne\AppData\Local\Programs\MiKTeX 2.9\tex/latex/amsmath\amstex
t.sty"
Package: amstext 2000/06/29 v2.01 AMS text

("C:\Users\EmmaLynne\AppData\Local\Programs\MiKTeX 2.9\tex/latex/amsmath\amsgen
.sty"
File: amsgen.sty 1999/11/30 v2.0 generic functions
\@emptytoks=\toks14
\ex@=\dimen103
))
("C:\Users\EmmaLynne\AppData\Local\Programs\MiKTeX 2.9\tex/latex/amsmath\amsbsy
.sty"
Package: amsbsy 1999/11/29 v1.2d Bold Symbols
\pmbraise@=\dimen104
)
("C:\Users\EmmaLynne\AppData\Local\Programs\MiKTeX 2.9\tex/latex/amsmath\amsopn
.sty"
Package: amsopn 2016/03/08 v2.02 operator names
)
\inf@bad=\count88
LaTeX Info: Redefining \frac on input line 227.
\uproot@=\count89
\leftroot@=\count90
LaTeX Info: Redefining \overline on input line 389.
\classnum@=\count91
\DOTSCASE@=\count92
LaTeX Info: Redefining \ldots on input line 486.
LaTeX Info: Redefining \dots on input line 489.
LaTeX Info: Redefining \cdots on input line 610.
\Mathstrutbox@=\box27
\strutbox@=\box28
\big@size=\dimen105
LaTeX Font Info:    Redeclaring font encoding OML on input line 733.
LaTeX Font Info:    Redeclaring font encoding OMS on input line 734.
\macc@depth=\count93
\c@MaxMatrixCols=\count94
\dotsspace@=\muskip10
\c@parentequation=\count95
\dspbrk@lvl=\count96
\tag@help=\toks15
\row@=\count97
\column@=\count98
\maxfields@=\count99
\andhelp@=\toks16
\eqnshift@=\dimen106
\alignsep@=\dimen107
\tagshift@=\dimen108
\tagwidth@=\dimen109
\totwidth@=\dimen110
\lineht@=\dimen111
\@envbody=\toks17
\multlinegap=\skip44
\multlinetaggap=\skip45
\mathdisplay@stack=\toks18
LaTeX Info: Redefining \[ on input line 2858.
LaTeX Info: Redefining \] on input line 2859.
)
No file "Hw10 part 2".aux.
\openout1 = `"Hw10 part 2.aux"'.

LaTeX Font Info:    Checking defaults for OML/cmm/m/it on input line 27.
LaTeX Font Info:    ... okay on input line 27.
LaTeX Font Info:    Checking defaults for T1/cmr/m/n on input line 27.
LaTeX Font Info:    ... okay on input line 27.
LaTeX Font Info:    Checking defaults for OT1/cmr/m/n on input line 27.
LaTeX Font Info:    ... okay on input line 27.
LaTeX Font Info:    Checking defaults for OMS/cmsy/m/n on input line 27.
LaTeX Font Info:    ... okay on input line 27.
LaTeX Font Info:    Checking defaults for OMX/cmex/m/n on input line 27.
LaTeX Font Info:    ... okay on input line 27.
LaTeX Font Info:    Checking defaults for U/cmr/m/n on input line 27.
LaTeX Font Info:    ... okay on input line 27.
! Extra }, or forgotten \right.
<template> }
            $}\ifmeasuring@ \savefieldlength@ \fi \set@field \endtemplate 
l.43 \end{align*}
                 
? 
! Missing \right. inserted.
<inserted text> 
                \right .
l.43 \end{align*}
                 
? 
! Missing } inserted.
<inserted text> 
                }
l.43 \end{align*}
                 
? 
! Extra }, or forgotten \right.
<template> }
            $}\ifmeasuring@ \savefieldlength@ \fi \set@field \endtemplate 
l.43 \end{align*}
                 
? 
! Missing \right. inserted.
<inserted text> 
                \right .
l.43 \end{align*}
                 
? 
! Missing } inserted.
<inserted text> 
                }
l.43 \end{align*}
                 
? 

! LaTeX Error: Environment comment undefined.

See the LaTeX manual or LaTeX Companion for explanation.
Type  H <return>  for immediate help.
 ...                                              
                                                  
l.44 \begin{comment}
                    
? 
! Undefined control sequence.
l.48        1 & : x \in \mathbb
                               {Q}\\
? 
! Undefined control sequence.
l.49        0 & : x \notin \mathbb
                                  {Q}
? 

! LaTeX Error: \begin{enumerate} on input line 34 ended by \end{comment}.

See the LaTeX manual or LaTeX Companion for explanation.
Type  H <return>  for immediate help.
 ...                                              
                                                  
l.53 \end{comment}
                  
? 

Underfull \hbox (badness 10000) in paragraph at lines 75--77

 []


Underfull \hbox (badness 10000) in paragraph at lines 98--99

 []

[1

{C:/Users/EmmaLynne/AppData/Local/MiKTeX/2.9/pdftex/config/pdftex.map}]
("Hw10 part 2.aux") ) 
Here is how much of TeX's memory you used:
 887 strings out of 492450
 10188 string characters out of 3118137
 80585 words of memory out of 3000000
 5303 multiletter control sequences out of 15000+200000
 9026 words of font info for 32 fonts, out of 3000000 for 9000
 1141 hyphenation exceptions out of 8191
 30i,14n,23p,243b,253s stack positions out of 5000i,500n,10000p,200000b,50000s
<C:/Users/EmmaLynne/AppData/Local/Programs/MiKTeX 2.9/font
s/type1/public/amsfonts/cm/cmbx12.pfb><C:/Users/EmmaLynne/AppData/Local/Program
s/MiKTeX 2.9/fonts/type1/public/amsfonts/cm/cmex10.pfb><C:/Users/EmmaLynne/AppD
ata/Local/Programs/MiKTeX 2.9/fonts/type1/public/amsfonts/cm/cmmi12.pfb><C:/Use
rs/EmmaLynne/AppData/Local/Programs/MiKTeX 2.9/fonts/type1/public/amsfonts/cm/c
mmi8.pfb><C:/Users/EmmaLynne/AppData/Local/Programs/MiKTeX 2.9/fonts/type1/publ
ic/amsfonts/cm/cmr12.pfb><C:/Users/EmmaLynne/AppData/Local/Programs/MiKTeX 2.9/
fonts/type1/public/amsfonts/cm/cmr8.pfb><C:/Users/EmmaLynne/AppData/Local/Progr
ams/MiKTeX 2.9/fonts/type1/public/amsfonts/cm/cmsy10.pfb><C:/Users/EmmaLynne/Ap
pData/Local/Programs/MiKTeX 2.9/fonts/type1/public/amsfonts/cm/cmsy8.pfb><C:/Us
ers/EmmaLynne/AppData/Local/Programs/MiKTeX 2.9/fonts/type1/public/amsfonts/cm/
cmti12.pfb><C:/Users/EmmaLynne/AppData/Local/Programs/MiKTeX 2.9/fonts/type1/pu
blic/amsfonts/cm/cmti8.pfb>
Output written on "Hw10 part 2.pdf" (1 page, 108482 bytes).
PDF statistics:
 46 PDF objects out of 1000 (max. 8388607)
 0 named destinations out of 1000 (max. 500000)
 1 words of extra memory for PDF output out of 10000 (max. 10000000)

